<?xml version="1.0" encoding="UTF-8"?>
<!-- Generated by org.testng.reporters.JUnitXMLReporter -->
<testsuite hostname="ELIASNOGUEIB6E9" name="Default test" tests="2" failures="0" timestamp="26 Aug 2011 04:10:24 GMT" time="12.27" errors="0">
  <testcase name="adicionaRemoveCliente" time="5.766" classname="com.eliasnogueira.selenium2testng.datadriven.ClienteTest"/>
  <testcase name="adicionaRemoveCliente" time="5.419" classname="com.eliasnogueira.selenium2testng.datadriven.ClienteTest"/>
</testsuite>
