<?xml version="1.0" encoding="UTF-8" ?>
<testsuites>
  <testsuite errors="0" failures="0" hostname="ELIASNOGUEIB6E9" id="0" name="ElementosHTML" package="com.eliasnogueira.seleniumjenkins.test" tests="1" time="10.874" timestamp="2011-09-11T00:14:40">
      <properties>
[...]
</properties>

      <testcase classname="com.eliasnogueira.seleniumjenkins.test.ElementosHTML" name="test" time="10.722" />

      <system-out><![CDATA[]]></system-out>

      <system-err><![CDATA[]]></system-err>

  </testsuite>
</testsuites>
